2025-04-23 00:45:08,408 INFO: Iniciando CRM Advocacia [in c:\Users\xfili\Dev\CRM Advocacia\app.py:45]
2025-04-23 00:45:09,294 INFO: Iniciando CRM Advocacia [in c:\Users\xfili\Dev\CRM Advocacia\app.py:45]
2025-04-23 13:08:49,248 INFO: Iniciando CRM Advocacia [in c:\Users\xfili\Dev\Projetos\CRM Advocacia\app.py:45]
2025-04-23 13:08:50,433 INFO: Iniciando CRM Advocacia [in c:\Users\xfili\Dev\Projetos\CRM Advocacia\app.py:45]
2025-04-23 13:10:50,275 INFO: Iniciando CRM Advocacia [in c:\Users\xfili\Dev\Projetos\CRM Advocacia\app.py:45]
2025-04-23 13:10:50,275 INFO: Iniciando CRM Advocacia [in c:\Users\xfili\Dev\Projetos\CRM Advocacia\app.py:45]
2025-04-23 13:11:44,222 INFO: Dados do formulário: ImmutableMultiDict([('tipo_calculo', 'valor_fixo'), ('parcelas', '12'), ('valor_base', ''), ('percentual', ''), ('valor_fixo', '250'), ('data_vencimento', '2025-05-01')]) [in c:\Users\xfili\Dev\Projetos\CRM Advocacia\app.py:626]
2025-04-23 13:11:44,222 INFO: Dados do formulário: ImmutableMultiDict([('tipo_calculo', 'valor_fixo'), ('parcelas', '12'), ('valor_base', ''), ('percentual', ''), ('valor_fixo', '250'), ('data_vencimento', '2025-05-01')]) [in c:\Users\xfili\Dev\Projetos\CRM Advocacia\app.py:626]
2025-04-23 13:11:44,222 INFO: Tipo de cálculo: valor_fixo [in c:\Users\xfili\Dev\Projetos\CRM Advocacia\app.py:629]
2025-04-23 13:11:44,222 INFO: Tipo de cálculo: valor_fixo [in c:\Users\xfili\Dev\Projetos\CRM Advocacia\app.py:629]
2025-04-23 13:11:44,223 INFO: Valores recebidos - Base: , Percentual: , Fixo: 250 [in c:\Users\xfili\Dev\Projetos\CRM Advocacia\app.py:635]
2025-04-23 13:11:44,223 INFO: Valores recebidos - Base: , Percentual: , Fixo: 250 [in c:\Users\xfili\Dev\Projetos\CRM Advocacia\app.py:635]
2025-04-23 13:11:44,223 INFO: Valores convertidos - Base: 0, Percentual: 0, Fixo: 250.0 [in c:\Users\xfili\Dev\Projetos\CRM Advocacia\app.py:642]
2025-04-23 13:11:44,223 INFO: Valores convertidos - Base: 0, Percentual: 0, Fixo: 250.0 [in c:\Users\xfili\Dev\Projetos\CRM Advocacia\app.py:642]
2025-04-23 13:11:44,223 INFO: Parcelas: 12, Data vencimento: 2025-05-01 [in c:\Users\xfili\Dev\Projetos\CRM Advocacia\app.py:647]
2025-04-23 13:11:44,223 INFO: Parcelas: 12, Data vencimento: 2025-05-01 [in c:\Users\xfili\Dev\Projetos\CRM Advocacia\app.py:647]
2025-04-23 13:11:44,229 INFO: Valor total calculado: 250.0 [in c:\Users\xfili\Dev\Projetos\CRM Advocacia\app.py:666]
2025-04-23 13:11:44,229 INFO: Valor total calculado: 250.0 [in c:\Users\xfili\Dev\Projetos\CRM Advocacia\app.py:666]
2025-04-23 13:11:44,230 INFO: Valor da parcela: 20.833333333333332 [in c:\Users\xfili\Dev\Projetos\CRM Advocacia\app.py:670]
2025-04-23 13:11:44,230 INFO: Valor da parcela: 20.833333333333332 [in c:\Users\xfili\Dev\Projetos\CRM Advocacia\app.py:670]
2025-04-23 13:11:44,230 INFO: Criada parcela 1/12 para 01/05/2025 [in c:\Users\xfili\Dev\Projetos\CRM Advocacia\app.py:691]
2025-04-23 13:11:44,230 INFO: Criada parcela 1/12 para 01/05/2025 [in c:\Users\xfili\Dev\Projetos\CRM Advocacia\app.py:691]
2025-04-23 13:11:44,231 INFO: Criada parcela 2/12 para 01/06/2025 [in c:\Users\xfili\Dev\Projetos\CRM Advocacia\app.py:691]
2025-04-23 13:11:44,231 INFO: Criada parcela 2/12 para 01/06/2025 [in c:\Users\xfili\Dev\Projetos\CRM Advocacia\app.py:691]
2025-04-23 13:11:44,231 INFO: Criada parcela 3/12 para 01/07/2025 [in c:\Users\xfili\Dev\Projetos\CRM Advocacia\app.py:691]
2025-04-23 13:11:44,231 INFO: Criada parcela 3/12 para 01/07/2025 [in c:\Users\xfili\Dev\Projetos\CRM Advocacia\app.py:691]
2025-04-23 13:11:44,232 INFO: Criada parcela 4/12 para 01/08/2025 [in c:\Users\xfili\Dev\Projetos\CRM Advocacia\app.py:691]
2025-04-23 13:11:44,232 INFO: Criada parcela 4/12 para 01/08/2025 [in c:\Users\xfili\Dev\Projetos\CRM Advocacia\app.py:691]
2025-04-23 13:11:44,232 INFO: Criada parcela 5/12 para 01/09/2025 [in c:\Users\xfili\Dev\Projetos\CRM Advocacia\app.py:691]
2025-04-23 13:11:44,232 INFO: Criada parcela 5/12 para 01/09/2025 [in c:\Users\xfili\Dev\Projetos\CRM Advocacia\app.py:691]
2025-04-23 13:11:44,232 INFO: Criada parcela 6/12 para 01/10/2025 [in c:\Users\xfili\Dev\Projetos\CRM Advocacia\app.py:691]
2025-04-23 13:11:44,232 INFO: Criada parcela 6/12 para 01/10/2025 [in c:\Users\xfili\Dev\Projetos\CRM Advocacia\app.py:691]
2025-04-23 13:11:44,233 INFO: Criada parcela 7/12 para 01/11/2025 [in c:\Users\xfili\Dev\Projetos\CRM Advocacia\app.py:691]
2025-04-23 13:11:44,233 INFO: Criada parcela 7/12 para 01/11/2025 [in c:\Users\xfili\Dev\Projetos\CRM Advocacia\app.py:691]
2025-04-23 13:11:44,234 INFO: Criada parcela 8/12 para 01/12/2025 [in c:\Users\xfili\Dev\Projetos\CRM Advocacia\app.py:691]
2025-04-23 13:11:44,234 INFO: Criada parcela 8/12 para 01/12/2025 [in c:\Users\xfili\Dev\Projetos\CRM Advocacia\app.py:691]
2025-04-23 13:11:44,234 INFO: Criada parcela 9/12 para 01/01/2026 [in c:\Users\xfili\Dev\Projetos\CRM Advocacia\app.py:691]
2025-04-23 13:11:44,234 INFO: Criada parcela 9/12 para 01/01/2026 [in c:\Users\xfili\Dev\Projetos\CRM Advocacia\app.py:691]
2025-04-23 13:11:44,234 INFO: Criada parcela 10/12 para 01/02/2026 [in c:\Users\xfili\Dev\Projetos\CRM Advocacia\app.py:691]
2025-04-23 13:11:44,234 INFO: Criada parcela 10/12 para 01/02/2026 [in c:\Users\xfili\Dev\Projetos\CRM Advocacia\app.py:691]
2025-04-23 13:11:44,235 INFO: Criada parcela 11/12 para 01/03/2026 [in c:\Users\xfili\Dev\Projetos\CRM Advocacia\app.py:691]
2025-04-23 13:11:44,235 INFO: Criada parcela 11/12 para 01/03/2026 [in c:\Users\xfili\Dev\Projetos\CRM Advocacia\app.py:691]
2025-04-23 13:11:44,235 INFO: Criada parcela 12/12 para 01/04/2026 [in c:\Users\xfili\Dev\Projetos\CRM Advocacia\app.py:691]
2025-04-23 13:11:44,235 INFO: Criada parcela 12/12 para 01/04/2026 [in c:\Users\xfili\Dev\Projetos\CRM Advocacia\app.py:691]
2025-04-23 13:14:20,065 INFO: Dados do formulário: ImmutableMultiDict([('tipo_calculo', 'percentual'), ('parcelas', '6'), ('valor_base', '50000'), ('percentual', '2.5'), ('valor_fixo', ''), ('data_vencimento', '2025-05-01')]) [in c:\Users\xfili\Dev\Projetos\CRM Advocacia\app.py:626]
2025-04-23 13:14:20,065 INFO: Dados do formulário: ImmutableMultiDict([('tipo_calculo', 'percentual'), ('parcelas', '6'), ('valor_base', '50000'), ('percentual', '2.5'), ('valor_fixo', ''), ('data_vencimento', '2025-05-01')]) [in c:\Users\xfili\Dev\Projetos\CRM Advocacia\app.py:626]
2025-04-23 13:14:20,066 INFO: Tipo de cálculo: percentual [in c:\Users\xfili\Dev\Projetos\CRM Advocacia\app.py:629]
2025-04-23 13:14:20,066 INFO: Tipo de cálculo: percentual [in c:\Users\xfili\Dev\Projetos\CRM Advocacia\app.py:629]
2025-04-23 13:14:20,066 INFO: Valores recebidos - Base: 50000, Percentual: 2.5, Fixo:  [in c:\Users\xfili\Dev\Projetos\CRM Advocacia\app.py:635]
2025-04-23 13:14:20,066 INFO: Valores recebidos - Base: 50000, Percentual: 2.5, Fixo:  [in c:\Users\xfili\Dev\Projetos\CRM Advocacia\app.py:635]
2025-04-23 13:14:20,066 INFO: Valores convertidos - Base: 50000.0, Percentual: 2.5, Fixo: 0 [in c:\Users\xfili\Dev\Projetos\CRM Advocacia\app.py:642]
2025-04-23 13:14:20,066 INFO: Valores convertidos - Base: 50000.0, Percentual: 2.5, Fixo: 0 [in c:\Users\xfili\Dev\Projetos\CRM Advocacia\app.py:642]
2025-04-23 13:14:20,067 INFO: Parcelas: 6, Data vencimento: 2025-05-01 [in c:\Users\xfili\Dev\Projetos\CRM Advocacia\app.py:647]
2025-04-23 13:14:20,067 INFO: Parcelas: 6, Data vencimento: 2025-05-01 [in c:\Users\xfili\Dev\Projetos\CRM Advocacia\app.py:647]
2025-04-23 13:14:20,067 INFO: Valor total calculado: 1250.0 [in c:\Users\xfili\Dev\Projetos\CRM Advocacia\app.py:666]
2025-04-23 13:14:20,067 INFO: Valor total calculado: 1250.0 [in c:\Users\xfili\Dev\Projetos\CRM Advocacia\app.py:666]
2025-04-23 13:14:20,068 INFO: Valor da parcela: 208.33333333333334 [in c:\Users\xfili\Dev\Projetos\CRM Advocacia\app.py:670]
2025-04-23 13:14:20,068 INFO: Valor da parcela: 208.33333333333334 [in c:\Users\xfili\Dev\Projetos\CRM Advocacia\app.py:670]
2025-04-23 13:14:20,068 INFO: Criada parcela 1/6 para 01/05/2025 [in c:\Users\xfili\Dev\Projetos\CRM Advocacia\app.py:691]
2025-04-23 13:14:20,068 INFO: Criada parcela 1/6 para 01/05/2025 [in c:\Users\xfili\Dev\Projetos\CRM Advocacia\app.py:691]
2025-04-23 13:14:20,069 INFO: Criada parcela 2/6 para 01/06/2025 [in c:\Users\xfili\Dev\Projetos\CRM Advocacia\app.py:691]
2025-04-23 13:14:20,069 INFO: Criada parcela 2/6 para 01/06/2025 [in c:\Users\xfili\Dev\Projetos\CRM Advocacia\app.py:691]
2025-04-23 13:14:20,069 INFO: Criada parcela 3/6 para 01/07/2025 [in c:\Users\xfili\Dev\Projetos\CRM Advocacia\app.py:691]
2025-04-23 13:14:20,069 INFO: Criada parcela 3/6 para 01/07/2025 [in c:\Users\xfili\Dev\Projetos\CRM Advocacia\app.py:691]
2025-04-23 13:14:20,070 INFO: Criada parcela 4/6 para 01/08/2025 [in c:\Users\xfili\Dev\Projetos\CRM Advocacia\app.py:691]
2025-04-23 13:14:20,070 INFO: Criada parcela 4/6 para 01/08/2025 [in c:\Users\xfili\Dev\Projetos\CRM Advocacia\app.py:691]
2025-04-23 13:14:20,070 INFO: Criada parcela 5/6 para 01/09/2025 [in c:\Users\xfili\Dev\Projetos\CRM Advocacia\app.py:691]
2025-04-23 13:14:20,070 INFO: Criada parcela 5/6 para 01/09/2025 [in c:\Users\xfili\Dev\Projetos\CRM Advocacia\app.py:691]
2025-04-23 13:14:20,071 INFO: Criada parcela 6/6 para 01/10/2025 [in c:\Users\xfili\Dev\Projetos\CRM Advocacia\app.py:691]
2025-04-23 13:14:20,071 INFO: Criada parcela 6/6 para 01/10/2025 [in c:\Users\xfili\Dev\Projetos\CRM Advocacia\app.py:691]
